HW1/AndroidAR/Temp/gradleOut/launcher/build/intermediates/manifest_merge_blame_file/release/manifest-merger-blame-release-report.txt
1<?xml version="1.0" encoding="utf-8"?>
2<!-- GENERATED BY UNITY. REMOVE THIS COMMENT TO PREVENT OVERWRITING WHEN EXPORTING AGAIN -->
3<manifest xmlns:android="http://schemas.android.com/apk/res/android"
4    package="com.DefaultCompany.AndroidAR"
5    android:installLocation="preferExternal"
6    android:versionCode="1"
7    android:versionName="0.1" >
8
9    <uses-sdk
10        android:minSdkVersion="26"
10-->src\main\AndroidManifest.xml
11        android:targetSdkVersion="29" />
11-->src\main\AndroidManifest.xml
12
13    <supports-screens
13-->src\main\AndroidManifest.xml:4:3-163
14        android:anyDensity="true"
14-->src\main\AndroidManifest.xml:4:135-160
15        android:largeScreens="true"
15-->src\main\AndroidManifest.xml:4:78-105
16        android:normalScreens="true"
16-->src\main\AndroidManifest.xml:4:49-77
17        android:smallScreens="true"
17-->src\main\AndroidManifest.xml:4:21-48
18        android:xlargeScreens="true" />
18-->src\main\AndroidManifest.xml:4:106-134
19
20    <uses-feature android:glEsVersion="0x00030000" />
20-->[:unityLibrary] AndroidManifest.xml:13:5-54
20-->[:unityLibrary] AndroidManifest.xml:13:19-51
21    <uses-feature android:name="android.software.home_screen" />
21-->[:unityLibrary] AndroidManifest.xml:14:5-65
21-->[:unityLibrary] AndroidManifest.xml:14:19-62
22
23    <uses-permission android:name="android.permission.INTERNET" />
23-->[:unityLibrary] AndroidManifest.xml:16:5-67
23-->[:unityLibrary] AndroidManifest.xml:16:22-64
24
25    <uses-feature
25-->[:unityLibrary] AndroidManifest.xml:18:5-20:36
26        android:name="android.hardware.touchscreen"
26-->[:unityLibrary] AndroidManifest.xml:19:9-52
27        android:required="false" />
27-->[:unityLibrary] AndroidManifest.xml:20:9-33
28    <uses-feature
28-->[:unityLibrary] AndroidManifest.xml:21:5-23:36
29        android:name="android.hardware.touchscreen.multitouch"
29-->[:unityLibrary] AndroidManifest.xml:22:9-63
30        android:required="false" />
30-->[:unityLibrary] AndroidManifest.xml:23:9-33
31    <uses-feature
31-->[:unityLibrary] AndroidManifest.xml:24:5-26:36
32        android:name="android.hardware.touchscreen.multitouch.distinct"
32-->[:unityLibrary] AndroidManifest.xml:25:9-72
33        android:required="false" />
33-->[:unityLibrary] AndroidManifest.xml:26:9-33
34
35    <uses-permission android:name="android.permission.CAMERA" />
35-->[:unityLibrary] AndroidManifest.xml:28:5-65
35-->[:unityLibrary] AndroidManifest.xml:28:22-62
36
37    <uses-feature
37-->[:unityLibrary] AndroidManifest.xml:30:5-32:35
38        android:name="android.hardware.camera.ar"
38-->[:unityLibrary] AndroidManifest.xml:31:9-50
39        android:required="true" />
39-->[:unityLibrary] AndroidManifest.xml:32:9-32
40    <uses-feature
40-->[:unityLibrary] AndroidManifest.xml:33:5-35:35
41        android:name="com.google.ar.core.depth"
41-->[:unityLibrary] AndroidManifest.xml:34:9-48
42        android:required="true" />
42-->[:unityLibrary] AndroidManifest.xml:35:9-32
43
44    <queries>
44-->[:arcore_client:] AndroidManifest.xml:29:5-31:15
45        <package android:name="com.google.ar.core" />
45-->[:arcore_client:] AndroidManifest.xml:30:9-54
45-->[:arcore_client:] AndroidManifest.xml:30:18-51
46    </queries>
47
48    <application
48-->src\main\AndroidManifest.xml:5:3-116
49        android:extractNativeLibs="true"
49-->src\main\AndroidManifest.xml:5:16-48
50        android:icon="@mipmap/app_icon"
50-->src\main\AndroidManifest.xml:5:82-113
51        android:label="@string/app_name" >
51-->src\main\AndroidManifest.xml:5:49-81
52        <activity
52-->[:unityLibrary] AndroidManifest.xml:38:9-58:20
53            android:name="com.unity3d.player.UnityPlayerActivity"
53-->[:unityLibrary] AndroidManifest.xml:39:13-66
54            android:configChanges="mcc|mnc|locale|touchscreen|keyboard|keyboardHidden|navigation|orientation|screenLayout|uiMode|screenSize|smallestScreenSize|fontScale|layoutDirection|density"
54-->[:unityLibrary] AndroidManifest.xml:40:13-194
55            android:hardwareAccelerated="false"
55-->[:unityLibrary] AndroidManifest.xml:41:13-48
56            android:launchMode="singleTask"
56-->[:unityLibrary] AndroidManifest.xml:42:13-44
57            android:resizeableActivity="false"
57-->[:unityLibrary] AndroidManifest.xml:43:13-47
58            android:screenOrientation="fullSensor"
58-->[:unityLibrary] AndroidManifest.xml:44:13-51
59            android:theme="@style/UnityThemeSelector" >
59-->[:unityLibrary] AndroidManifest.xml:45:13-54
60            <intent-filter>
60-->[:unityLibrary] AndroidManifest.xml:46:13-50:29
61                <action android:name="android.intent.action.MAIN" />
61-->[:unityLibrary] AndroidManifest.xml:47:17-69
61-->[:unityLibrary] AndroidManifest.xml:47:25-66
62
63                <category android:name="android.intent.category.LAUNCHER" />
63-->[:unityLibrary] AndroidManifest.xml:49:17-77
63-->[:unityLibrary] AndroidManifest.xml:49:27-74
64            </intent-filter>
65
66            <meta-data
66-->[:unityLibrary] AndroidManifest.xml:52:13-54:40
67                android:name="unityplayer.UnityActivity"
67-->[:unityLibrary] AndroidManifest.xml:53:17-57
68                android:value="true" />
68-->[:unityLibrary] AndroidManifest.xml:54:17-37
69            <meta-data
69-->[:unityLibrary] AndroidManifest.xml:55:13-57:40
70                android:name="android.notch_support"
70-->[:unityLibrary] AndroidManifest.xml:56:17-53
71                android:value="true" />
71-->[:unityLibrary] AndroidManifest.xml:57:17-37
72        </activity>
73
74        <meta-data
74-->[:unityLibrary] AndroidManifest.xml:60:9-62:33
75            android:name="unity.splash-mode"
75-->[:unityLibrary] AndroidManifest.xml:61:13-45
76            android:value="0" />
76-->[:unityLibrary] AndroidManifest.xml:62:13-30
77        <meta-data
77-->[:unityLibrary] AndroidManifest.xml:63:9-65:36
78            android:name="unity.splash-enable"
78-->[:unityLibrary] AndroidManifest.xml:64:13-47
79            android:value="True" />
79-->[:unityLibrary] AndroidManifest.xml:65:13-33
80        <meta-data
80-->[:unityLibrary] AndroidManifest.xml:66:9-68:37
81            android:name="unity.allow-resizable-window"
81-->[:unityLibrary] AndroidManifest.xml:67:13-56
82            android:value="False" />
82-->[:unityLibrary] AndroidManifest.xml:68:13-34
83        <meta-data
83-->[:unityLibrary] AndroidManifest.xml:69:9-71:50
84            android:name="notch.config"
84-->[:unityLibrary] AndroidManifest.xml:70:13-40
85            android:value="portrait|landscape" />
85-->[:unityLibrary] AndroidManifest.xml:71:13-47
86        <meta-data
86-->[:unityLibrary] AndroidManifest.xml:72:9-74:68
87            android:name="unity.build-id"
87-->[:unityLibrary] AndroidManifest.xml:73:13-42
88            android:value="2bb3aa1d-a6ee-4ccd-8bf6-ec5c32043dd5" />
88-->[:unityLibrary] AndroidManifest.xml:74:13-65
89        <meta-data
89-->[:unityLibrary] AndroidManifest.xml:75:9-77:36
90            android:name="unityplayer.SkipPermissionsDialog"
90-->[:unityLibrary] AndroidManifest.xml:76:13-61
91            android:value="true" />
91-->[:unityLibrary] AndroidManifest.xml:77:13-33
92        <meta-data
92-->[:unityLibrary] AndroidManifest.xml:78:9-80:40
93            android:name="com.google.ar.core"
93-->[:unityLibrary] AndroidManifest.xml:79:13-46
94            android:value="required" /> <!-- The minimal version code of ARCore APK required for an app using this SDK. -->
94-->[:unityLibrary] AndroidManifest.xml:80:13-37
95        <meta-data
95-->[:arcore_client:] AndroidManifest.xml:36:9-38:41
96            android:name="com.google.ar.core.min_apk_version"
96-->[:arcore_client:] AndroidManifest.xml:37:13-62
97            android:value="202940000" /> <!-- This activity is critical for installing ARCore when it is not already present. -->
97-->[:arcore_client:] AndroidManifest.xml:38:13-38
98        <activity
98-->[:arcore_client:] AndroidManifest.xml:40:9-46:80
99            android:name="com.google.ar.core.InstallActivity"
99-->[:arcore_client:] AndroidManifest.xml:41:13-62
100            android:configChanges="keyboardHidden|orientation|screenSize"
100-->[:arcore_client:] AndroidManifest.xml:42:13-74
101            android:excludeFromRecents="true"
101-->[:arcore_client:] AndroidManifest.xml:43:13-46
102            android:exported="false"
102-->[:arcore_client:] AndroidManifest.xml:44:13-37
103            android:launchMode="singleTop"
103-->[:arcore_client:] AndroidManifest.xml:45:13-43
104            android:theme="@android:style/Theme.Material.Light.Dialog.Alert" />
104-->[:arcore_client:] AndroidManifest.xml:46:13-77
105    </application>
106
107</manifest>